============================= test session starts ==============================
platform darwin -- Python 3.8.10, pytest-8.3.4, pluggy-1.5.0 -- /Users/cex/.pyenv/versions/3.8.10/bin/python
cachedir: .pytest_cache
benchmark: 4.0.0 (defaults: timer=time.perf_counter disable_gc=False min_rounds=5 min_time=0.000005 max_time=1.0 calibration_precision=10 warmup=False warmup_iterations=100000)
rootdir: /Users/cex/Desktop/sodav-monitor/backend
plugins: asyncio-0.24.0, cov-5.0.0, anyio-4.5.2, mock-3.14.0, benchmark-4.0.0, redis-3.1.2
asyncio: mode=strict, default_loop_scope=None
collecting ... collected 0 items

=============================== warnings summary ===============================
models/models.py:10
  /Users/cex/Desktop/sodav-monitor/backend/models/models.py:10: MovedIn20Warning: The ``declarative_base()`` function is now available as sqlalchemy.orm.declarative_base(). (deprecated since: 2.0) (Background on SQLAlchemy 2.0 at: https://sqlalche.me/e/b8d9)
    Base = declarative_base()

models/database.py:69
  /Users/cex/Desktop/sodav-monitor/backend/models/database.py:69: MovedIn20Warning: The ``declarative_base()`` function is now available as sqlalchemy.orm.declarative_base(). (deprecated since: 2.0) (Background on SQLAlchemy 2.0 at: https://sqlalche.me/e/b8d9)
    Base = declarative_base()

../../../.pyenv/versions/3.8.10/lib/python3.8/site-packages/pydantic/_internal/_config.py:295: 13 warnings
  /Users/cex/.pyenv/versions/3.8.10/lib/python3.8/site-packages/pydantic/_internal/_config.py:295: PydanticDeprecatedSince20: Support for class-based `config` is deprecated, use ConfigDict instead. Deprecated in Pydantic V2.0 to be removed in V3.0. See Pydantic V2 Migration Guide at https://errors.pydantic.dev/2.10/migration/
    warnings.warn(DEPRECATION_MESSAGE, DeprecationWarning)

../../../.pyenv/versions/3.8.10/lib/python3.8/site-packages/pydantic/_internal/_generate_schema.py:297
../../../.pyenv/versions/3.8.10/lib/python3.8/site-packages/pydantic/_internal/_generate_schema.py:297
../../../.pyenv/versions/3.8.10/lib/python3.8/site-packages/pydantic/_internal/_generate_schema.py:297
../../../.pyenv/versions/3.8.10/lib/python3.8/site-packages/pydantic/_internal/_generate_schema.py:297
  /Users/cex/.pyenv/versions/3.8.10/lib/python3.8/site-packages/pydantic/_internal/_generate_schema.py:297: PydanticDeprecatedSince20: `json_encoders` is deprecated. See https://docs.pydantic.dev/2.10/concepts/serialization/#custom-serializers for alternatives. Deprecated in Pydantic V2.0 to be removed in V3.0. See Pydantic V2 Migration Guide at https://errors.pydantic.dev/2.10/migration/
    warnings.warn(

routers/detections.py:39
  /Users/cex/Desktop/sodav-monitor/backend/routers/detections.py:39: PydanticDeprecatedSince20: Pydantic V1 style `@validator` validators are deprecated. You should migrate to Pydantic V2 style `@field_validator` validators, see the migration guide for more details. Deprecated in Pydantic V2.0 to be removed in V3.0. See Pydantic V2 Migration Guide at https://errors.pydantic.dev/2.10/migration/
    @validator('title', 'artist')

routers/detections.py:52
  /Users/cex/Desktop/sodav-monitor/backend/routers/detections.py:52: PydanticDeprecatedSince20: Pydantic V1 style `@validator` validators are deprecated. You should migrate to Pydantic V2 style `@field_validator` validators, see the migration guide for more details. Deprecated in Pydantic V2.0 to be removed in V3.0. See Pydantic V2 Migration Guide at https://errors.pydantic.dev/2.10/migration/
    @validator('end_date')

main.py:66
  /Users/cex/Desktop/sodav-monitor/backend/main.py:66: DeprecationWarning: 
          on_event is deprecated, use lifespan event handlers instead.
  
          Read more about it in the
          [FastAPI docs for Lifespan Events](https://fastapi.tiangolo.com/advanced/events/).
          
    @app.on_event("startup")

../../../.pyenv/versions/3.8.10/lib/python3.8/site-packages/fastapi/applications.py:4495
../../../.pyenv/versions/3.8.10/lib/python3.8/site-packages/fastapi/applications.py:4495
  /Users/cex/.pyenv/versions/3.8.10/lib/python3.8/site-packages/fastapi/applications.py:4495: DeprecationWarning: 
          on_event is deprecated, use lifespan event handlers instead.
  
          Read more about it in the
          [FastAPI docs for Lifespan Events](https://fastapi.tiangolo.com/advanced/events/).
          
    return self.router.on_event(event_type)

main.py:82
  /Users/cex/Desktop/sodav-monitor/backend/main.py:82: DeprecationWarning: 
          on_event is deprecated, use lifespan event handlers instead.
  
          Read more about it in the
          [FastAPI docs for Lifespan Events](https://fastapi.tiangolo.com/advanced/events/).
          
    @app.on_event("shutdown")

-- Docs: https://docs.pytest.org/en/stable/how-to/capture-warnings.html
============================= 25 warnings in 0.02s =============================
